mode: set
github.com/SawitProRecruitment/UserService/handler/endpoints.go:33.78,40.16 4 1
github.com/SawitProRecruitment/UserService/handler/endpoints.go:40.16,43.3 2 1
github.com/SawitProRecruitment/UserService/handler/endpoints.go:44.2,45.38 2 1
github.com/SawitProRecruitment/UserService/handler/endpoints.go:49.55,51.44 2 1
github.com/SawitProRecruitment/UserService/handler/endpoints.go:51.44,53.3 1 0
github.com/SawitProRecruitment/UserService/handler/endpoints.go:54.2,56.104 2 1
github.com/SawitProRecruitment/UserService/handler/endpoints.go:56.104,58.3 1 1
github.com/SawitProRecruitment/UserService/handler/endpoints.go:59.2,59.16 1 1
github.com/SawitProRecruitment/UserService/handler/endpoints.go:59.16,61.3 1 1
github.com/SawitProRecruitment/UserService/handler/endpoints.go:63.2,64.25 2 1
github.com/SawitProRecruitment/UserService/handler/endpoints.go:64.25,66.3 1 0
github.com/SawitProRecruitment/UserService/handler/endpoints.go:68.2,71.4 1 1
github.com/SawitProRecruitment/UserService/handler/endpoints.go:75.98,77.22 2 1
github.com/SawitProRecruitment/UserService/handler/endpoints.go:77.22,79.3 1 0
github.com/SawitProRecruitment/UserService/handler/endpoints.go:80.2,82.104 2 1
github.com/SawitProRecruitment/UserService/handler/endpoints.go:82.104,84.3 1 1
github.com/SawitProRecruitment/UserService/handler/endpoints.go:85.2,85.16 1 1
github.com/SawitProRecruitment/UserService/handler/endpoints.go:85.16,87.3 1 0
github.com/SawitProRecruitment/UserService/handler/endpoints.go:89.2,90.25 2 1
github.com/SawitProRecruitment/UserService/handler/endpoints.go:90.25,92.3 1 0
github.com/SawitProRecruitment/UserService/handler/endpoints.go:94.2,96.31 3 1
github.com/SawitProRecruitment/UserService/handler/endpoints.go:96.31,98.3 1 1
github.com/SawitProRecruitment/UserService/handler/endpoints.go:99.2,99.28 1 1
github.com/SawitProRecruitment/UserService/handler/endpoints.go:99.28,101.3 1 1
github.com/SawitProRecruitment/UserService/handler/endpoints.go:103.2,103.126 1 1
github.com/SawitProRecruitment/UserService/handler/endpoints.go:103.126,105.3 1 1
github.com/SawitProRecruitment/UserService/handler/endpoints.go:107.2,107.26 1 1
github.com/SawitProRecruitment/UserService/handler/endpoints.go:107.26,112.24 2 1
github.com/SawitProRecruitment/UserService/handler/endpoints.go:112.24,114.4 1 0
github.com/SawitProRecruitment/UserService/handler/endpoints.go:116.3,117.17 2 1
github.com/SawitProRecruitment/UserService/handler/endpoints.go:117.17,119.4 1 0
github.com/SawitProRecruitment/UserService/handler/endpoints.go:120.8,120.30 1 1
github.com/SawitProRecruitment/UserService/handler/endpoints.go:120.30,122.17 2 1
github.com/SawitProRecruitment/UserService/handler/endpoints.go:122.17,124.4 1 0
github.com/SawitProRecruitment/UserService/handler/endpoints.go:127.2,129.4 1 1
github.com/SawitProRecruitment/UserService/handler/endpoints.go:133.86,135.84 1 1
github.com/SawitProRecruitment/UserService/handler/endpoints.go:135.84,137.6 1 0
github.com/SawitProRecruitment/UserService/handler/endpoints.go:138.2,142.104 2 1
github.com/SawitProRecruitment/UserService/handler/endpoints.go:142.104,145.3 2 1
github.com/SawitProRecruitment/UserService/handler/endpoints.go:148.2,156.16 4 1
github.com/SawitProRecruitment/UserService/handler/endpoints.go:156.16,158.3 1 0
github.com/SawitProRecruitment/UserService/handler/endpoints.go:160.2,161.16 2 1
github.com/SawitProRecruitment/UserService/handler/endpoints.go:161.16,163.3 1 0
github.com/SawitProRecruitment/UserService/handler/endpoints.go:164.2,166.4 1 1
github.com/SawitProRecruitment/UserService/handler/endpoints.go:170.88,172.14 2 1
github.com/SawitProRecruitment/UserService/handler/endpoints.go:172.14,174.3 1 0
github.com/SawitProRecruitment/UserService/handler/endpoints.go:176.2,177.16 2 1
github.com/SawitProRecruitment/UserService/handler/endpoints.go:177.16,179.3 1 0
github.com/SawitProRecruitment/UserService/handler/endpoints.go:181.2,187.16 3 1
github.com/SawitProRecruitment/UserService/handler/endpoints.go:187.16,189.3 1 1
github.com/SawitProRecruitment/UserService/handler/endpoints.go:191.2,194.4 1 1
github.com/SawitProRecruitment/UserService/handler/endpoints.go:197.75,200.39 2 1
github.com/SawitProRecruitment/UserService/handler/endpoints.go:200.39,202.3 1 0
github.com/SawitProRecruitment/UserService/handler/endpoints.go:204.2,204.33 1 1
github.com/SawitProRecruitment/UserService/handler/endpoints.go:204.33,206.3 1 0
github.com/SawitProRecruitment/UserService/handler/endpoints.go:208.2,208.33 1 1
github.com/SawitProRecruitment/UserService/handler/endpoints.go:208.33,210.3 1 0
github.com/SawitProRecruitment/UserService/handler/endpoints.go:212.2,212.24 1 1
github.com/SawitProRecruitment/UserService/handler/endpoints.go:212.24,215.3 2 0
github.com/SawitProRecruitment/UserService/handler/endpoints.go:217.2,217.17 1 1
github.com/SawitProRecruitment/UserService/handler/endpoints.go:220.51,221.44 1 1
github.com/SawitProRecruitment/UserService/handler/endpoints.go:221.44,224.3 2 1
github.com/SawitProRecruitment/UserService/handler/endpoints.go:226.2,228.43 2 1
github.com/SawitProRecruitment/UserService/handler/endpoints.go:228.43,229.31 1 1
github.com/SawitProRecruitment/UserService/handler/endpoints.go:229.31,232.4 2 0
github.com/SawitProRecruitment/UserService/handler/endpoints.go:235.2,235.67 1 1
github.com/SawitProRecruitment/UserService/handler/endpoints.go:235.67,238.3 2 0
github.com/SawitProRecruitment/UserService/handler/endpoints.go:240.2,240.13 1 1
github.com/SawitProRecruitment/UserService/handler/endpoints.go:243.45,244.45 1 1
github.com/SawitProRecruitment/UserService/handler/endpoints.go:244.45,246.3 1 0
github.com/SawitProRecruitment/UserService/handler/endpoints.go:248.2,248.13 1 1
github.com/SawitProRecruitment/UserService/handler/endpoints.go:251.45,252.45 1 1
github.com/SawitProRecruitment/UserService/handler/endpoints.go:252.45,254.3 1 0
github.com/SawitProRecruitment/UserService/handler/endpoints.go:256.2,259.32 4 1
github.com/SawitProRecruitment/UserService/handler/endpoints.go:259.32,260.10 1 1
github.com/SawitProRecruitment/UserService/handler/endpoints.go:261.35,262.23 1 1
github.com/SawitProRecruitment/UserService/handler/endpoints.go:263.35,264.20 1 1
github.com/SawitProRecruitment/UserService/handler/endpoints.go:265.56,266.21 1 1
github.com/SawitProRecruitment/UserService/handler/endpoints.go:270.2,270.48 1 1
github.com/SawitProRecruitment/UserService/handler/server.go:15.47,19.2 1 0
